# timestamp | duration | file | instruction | dir | modtime | etag | size | fileId | status | errorString | http result code | other size | other modtime | X-Request-ID
#=#=#=# Syncrun started 2021-03-05T10:59:31Z
#=#=#=#=# Propagation starts 2021-03-05T10:59:32Z (last step: 493 msec, total: 493 msec)
#=#=#=# Syncrun finished 2021-03-05T10:59:32Z (last step: 744 msec, total: 1237 msec)
#=#=#=# Syncrun started 2021-03-05T11:00:16Z
#=#=#=#=# Propagation starts 2021-03-05T11:00:16Z (last step: 248 msec, total: 248 msec)
#=#=#=# Syncrun finished 2021-03-05T11:00:16Z (last step: 20 msec, total: 268 msec)
#=#=#=# Syncrun started 2021-03-05T11:08:07Z
#=#=#=#=# Propagation starts 2021-03-05T11:08:07Z (last step: 126 msec, total: 126 msec)
11:08:07||bin/MEPTL/HTML.class|INST_SYNC|Up|1614942136|dccb639844ab0dbc88d14df6e7f6418b|153387|00400340ocewbpcc848y|4||204|153387|1614892433|7d9df387-5db2-4ccb-9a98-9a77c32917b4|
11:08:07||bin/MEPTL/commandes.class|INST_SYNC|Up|1614942136|f774145fac7fc5b01fef6ccf29dc6127|13053|00443495ocewbpcc848y|4||204|13053|1614892432|74be0b69-de35-4b4e-aa88-64a369cb9828|
11:08:07||bin/MEPTL/meptl.class|INST_SYNC|Up|1614942136|fd65ee8f920253954677ae3b2f0147bd|84186|00400341ocewbpcc848y|4||204|84186|1614892433|9020973e-589a-49ed-ae5e-5ad78f9e111e|
11:08:07||bin/MEPTL/fenetre.class|INST_SYNC|Up|1614942136|ec8ef011aed7d10e06b18393c822352e|1212|00400339ocewbpcc848y|4||204|1212|1614892433|985fcbb9-245e-4a25-a3e4-8a152668df2a|
11:08:07||bin/MEPTL/fenetre$1.class|INST_SYNC|Up|1614942136|5e6afb584ff03af65bd5c7e16e8f3e58|602|00400338ocewbpcc848y|4||204|602|1614892433|261fd5af-630c-44bb-bcce-6c1e34a1f195|
11:08:07||bin/MEPTL/outils.class|INST_SYNC|Up|1614942136|68f169b69bb945c980b8ef89d172d737|31775|00400342ocewbpcc848y|4||204|31775|1614892433|070cc8ce-52c3-4e42-a415-7a2088a26017|
11:08:07||bin/MEPTL/verificationFichierAnalyse.class|INST_SYNC|Up|1614942136|b912d4352b01bb3b02f83ab6f16b333f|5517|00450946ocewbpcc848y|4||204|5517|1614892434|5ccbe315-d972-4df7-89d6-4d83f0a6c45f|
#=#=#=# Syncrun finished 2021-03-05T11:08:07Z (last step: 521 msec, total: 647 msec)
#=#=#=# Syncrun started 2021-03-05T11:08:28Z
#=#=#=#=# Propagation starts 2021-03-05T11:08:29Z (last step: 316 msec, total: 316 msec)
#=#=#=# Syncrun finished 2021-03-05T11:08:29Z (last step: 24 msec, total: 341 msec)
#=#=#=# Syncrun started 2021-03-05T11:36:59Z
#=#=#=#=# Propagation starts 2021-03-05T11:36:59Z (last step: 245 msec, total: 245 msec)
||bin/MEPTL/meptl.class|64|1|1614944218|fd65ee8f920253954677ae3b2f0147bd|84186|00400341ocewbpcc848y|3|Fichier local modifié pendant la synchronisation.|0|84186|1614942136||
11:36:59||src/MEPTL/meptl.java|64|1|1614944217|eadee7df1a03d82b1104bb17ed4670e5|181674|00400347ocewbpcc848y|4||204|181625|1614892434|887f4ad5-b53e-4e08-baff-1de17061410e|
#=#=#=# Syncrun finished 2021-03-05T11:36:59Z (last step: 266 msec, total: 512 msec)
#=#=#=# Syncrun started 2021-03-05T11:37:02Z
#=#=#=#=# Propagation starts 2021-03-05T11:37:02Z (last step: 325 msec, total: 325 msec)
11:37:02||bin/MEPTL/meptl.class|64|1|1614944218|18fed1dc6516c57b7bbfc7bb86406825|84186|00400341ocewbpcc848y|4||204|84186|1614942136|67279acd-e9d9-4731-bc39-42c6ef51d7aa|
#=#=#=# Syncrun finished 2021-03-05T11:37:02Z (last step: 222 msec, total: 548 msec)
#=#=#=# Syncrun started 2021-03-05T11:37:57Z
#=#=#=#=# Propagation starts 2021-03-05T11:37:58Z (last step: 450 msec, total: 450 msec)
#=#=#=# Syncrun finished 2021-03-05T11:37:58Z (last step: 25 msec, total: 475 msec)
#=#=#=# Syncrun started 2021-03-05T11:42:30Z
#=#=#=#=# Propagation starts 2021-03-05T11:42:30Z (last step: 228 msec, total: 228 msec)
11:42:30||bin/MEPTL/meptl.class|64|1|1614944548|df920baaa114a02ab918d52b200aa7d3|82846|00400341ocewbpcc848y|4||204|84186|1614944218|48379a1a-b20b-49c9-9ef4-8f1d35bc2b1a|
11:42:30||src/MEPTL/meptl.java|64|1|1614944548|5ac13a1ffe5c8ecd104dfa69354e36ec|181824|00400347ocewbpcc848y|4||204|181674|1614944217|f936a4ba-6a07-41b7-b7f9-f2b258379c62|
#=#=#=# Syncrun finished 2021-03-05T11:42:31Z (last step: 263 msec, total: 491 msec)
#=#=#=# Syncrun started 2021-03-05T11:43:00Z
#=#=#=#=# Propagation starts 2021-03-05T11:43:01Z (last step: 495 msec, total: 495 msec)
11:43:01||bin/MEPTL/meptl.class|64|1|1614944578|85c25b17046abba9ef9a86aeb760e065|84304|00400341ocewbpcc848y|4||204|82846|1614944548|213bdaa3-2b84-46d0-8c58-644a9aa5c064|
11:43:01||src/MEPTL/meptl.java|64|1|1614944578|299e1aa4150b4c5495d1672b8898de59|181847|00400347ocewbpcc848y|4||204|181824|1614944548|e9740b89-d7f8-4876-af28-3e47fa3cc04c|
#=#=#=# Syncrun finished 2021-03-05T11:43:01Z (last step: 245 msec, total: 741 msec)
#=#=#=# Syncrun started 2021-03-05T11:43:57Z
#=#=#=#=# Propagation starts 2021-03-05T11:43:58Z (last step: 510 msec, total: 510 msec)
11:43:58||src/MEPTL/commandes.java|64|1|1614944636|1fb3a3d0a11bcc2b57f327f3c1de9864|16285|00443496ocewbpcc848y|4||204|16274|1614892434|90126ae7-4210-4c3f-9b00-3691df71f8ff|
11:43:58||src/MEPTL/meptl.java|64|1|1614944636|b8a35253c29544e27aa7e6d2fe79ac10|181847|00400347ocewbpcc848y|4||204|181847|1614944578|80ca51ff-e6c5-4461-b114-d32e7c34311a|
#=#=#=# Syncrun finished 2021-03-05T11:43:58Z (last step: 235 msec, total: 746 msec)
#=#=#=# Syncrun started 2021-03-05T11:43:59Z
#=#=#=#=# Propagation starts 2021-03-05T11:44:00Z (last step: 330 msec, total: 330 msec)
11:43:59||bin/MEPTL/commandes.class|64|1|1614944637|d830fff69c2c7cd2d5dc7c281d475396|13072|00443495ocewbpcc848y|4||204|13053|1614942136|e98dbdd3-fab5-4851-b4d7-950b6e4dbebb|
11:43:59||bin/MEPTL/meptl.class|64|1|1614944637|6358698b8ed0b576a6ea199de566dd78|84283|00400341ocewbpcc848y|4||204|84304|1614944578|4a37b6bf-37a3-4182-8d75-a223dd1624e7|
#=#=#=# Syncrun finished 2021-03-05T11:44:00Z (last step: 256 msec, total: 587 msec)
#=#=#=# Syncrun started 2021-03-05T11:44:57Z
#=#=#=#=# Propagation starts 2021-03-05T11:44:58Z (last step: 479 msec, total: 479 msec)
#=#=#=# Syncrun finished 2021-03-05T11:44:58Z (last step: 32 msec, total: 512 msec)
#=#=#=# Syncrun started 2021-03-05T11:47:38Z
#=#=#=#=# Propagation starts 2021-03-05T11:47:38Z (last step: 267 msec, total: 267 msec)
11:47:38||bin/MEPTL/HTML.class|64|1|1614944856|130516b51923d9e447527c0ffed429eb|153507|00400340ocewbpcc848y|4||204|153387|1614942136|dab8b403-2d8f-44cc-87f7-f43983b54d80|
11:47:38||src/MEPTL/HTML.java|64|1|1614944856|33623ecc0bff48869b78b03e97512201|189852|00400346ocewbpcc848y|4||204|189647|1614892434|572b9feb-10e4-4372-b2c4-f514a29f42d9|
#=#=#=# Syncrun finished 2021-03-05T11:47:38Z (last step: 294 msec, total: 561 msec)
#=#=#=# Syncrun started 2021-03-05T11:47:56Z
#=#=#=#=# Propagation starts 2021-03-05T11:47:56Z (last step: 515 msec, total: 515 msec)
11:47:56||bin/MEPTL/meptl.class|64|1|1614944874|e90fd7e0387c42612dd5ff9ca2cf2365|84283|00400341ocewbpcc848y|4||204|84283|1614944637|c514d262-8da5-4281-bec5-18661da44ff3|
11:47:56||src/MEPTL/meptl.java|64|1|1614944874|3ef8f5f70ca19bc17defc30437c82628|181847|00400347ocewbpcc848y|4||204|181847|1614944636|899466b1-f3f7-4db1-a16b-44e4117655a8|
#=#=#=# Syncrun finished 2021-03-05T11:47:56Z (last step: 242 msec, total: 757 msec)
#=#=#=# Syncrun started 2021-03-05T11:48:27Z
#=#=#=#=# Propagation starts 2021-03-05T11:48:28Z (last step: 491 msec, total: 491 msec)
#=#=#=# Syncrun finished 2021-03-05T11:48:28Z (last step: 32 msec, total: 523 msec)
#=#=#=# Syncrun started 2021-03-05T11:50:25Z
#=#=#=#=# Propagation starts 2021-03-05T11:50:26Z (last step: 222 msec, total: 222 msec)
11:50:26||bin/MEPTL/HTML.class|64|1|1614945024|ce408ad629448346b44459f5a4d46ec9|153509|00400340ocewbpcc848y|4||204|153507|1614944856|12abc6e9-5920-4923-9d1a-82631ee7de3a|
11:50:26||bin/MEPTL/meptl.class|64|1|1614945024|38a33981e6309edbb490a3246ec3ad57|69808|00400341ocewbpcc848y|4||204|84283|1614944874|c2333804-5e2a-496b-9ed4-2fc67a235f67|
11:50:26||src/MEPTL/HTML.java|64|1|1614945023|b2e30e34c0c8d369de244f42edf24436|189855|00400346ocewbpcc848y|4||204|189852|1614944856|b051c8cd-e39e-45a4-ad5e-c5fea99d8553|
#=#=#=# Syncrun finished 2021-03-05T11:50:26Z (last step: 340 msec, total: 562 msec)
#=#=#=# Syncrun started 2021-03-05T11:50:45Z
#=#=#=#=# Propagation starts 2021-03-05T11:50:45Z (last step: 468 msec, total: 468 msec)
11:50:45||bin/MEPTL/meptl.class|64|1|1614945043|9689df9b7caa921f65b722041da05dc7|84361|00400341ocewbpcc848y|4||204|69808|1614945024|67b45c4f-0a2d-40ee-964e-f40ee857a465|
11:50:45||src/MEPTL/meptl.java|64|1|1614945043|9023277227a7c666749692b282c5acf1|181935|00400347ocewbpcc848y|4||204|181847|1614944874|02675975-c5a8-4ae9-a526-8e51e68a1d61|
#=#=#=# Syncrun finished 2021-03-05T11:50:45Z (last step: 244 msec, total: 713 msec)
#=#=#=# Syncrun started 2021-03-05T11:51:27Z
#=#=#=#=# Propagation starts 2021-03-05T11:51:28Z (last step: 479 msec, total: 479 msec)
#=#=#=# Syncrun finished 2021-03-05T11:51:28Z (last step: 27 msec, total: 506 msec)
#=#=#=# Syncrun started 2021-03-05T11:52:12Z
#=#=#=#=# Propagation starts 2021-03-05T11:52:12Z (last step: 235 msec, total: 235 msec)
11:52:12||bin/MEPTL/meptl.class|64|1|1614945130|3e0ba26abce505417fe496982b99765e|84365|00400341ocewbpcc848y|4||204|84361|1614945043|6fba8fa4-9600-48fc-91d5-aa95136618c9|
11:52:12||src/MEPTL/meptl.java|64|1|1614945130|fbcc475a1b8dd0e2c979323d1bbb76c7|181939|00400347ocewbpcc848y|4||204|181935|1614945043|0889cc74-c8d5-44b0-bc5e-89148d0f83e6|
#=#=#=# Syncrun finished 2021-03-05T11:52:13Z (last step: 310 msec, total: 545 msec)
#=#=#=# Syncrun started 2021-03-05T11:52:42Z
#=#=#=#=# Propagation starts 2021-03-05T11:52:43Z (last step: 511 msec, total: 511 msec)
11:52:43||bin/MEPTL/meptl.class|64|1|1614945160|27ab87dda784b49bb7f78f5361b92624|84365|00400341ocewbpcc848y|4||204|84365|1614945130|62789621-6aa6-4cdd-95d0-5736f9658e63|
11:52:43||src/MEPTL/meptl.java|64|1|1614945160|1627c2fb8b4d3701c678b728cf88d6b0|181939|00400347ocewbpcc848y|4||204|181939|1614945130|1f20b107-eeb4-41aa-b526-6b983e9d6719|
#=#=#=# Syncrun finished 2021-03-05T11:52:43Z (last step: 249 msec, total: 761 msec)
#=#=#=# Syncrun started 2021-03-05T11:53:12Z
#=#=#=#=# Propagation starts 2021-03-05T11:53:13Z (last step: 445 msec, total: 445 msec)
11:53:13||bin/MEPTL/meptl.class|64|1|1614945190|afda63ce490182eb72015cfa6db8cf0c|84361|00400341ocewbpcc848y|4||204|84365|1614945160|46e5c1fd-1089-40e8-8669-c139eccb0190|
11:53:13||src/MEPTL/meptl.java|64|1|1614945190|2e1211b374854c1cf383562bd9d40b1e|181935|00400347ocewbpcc848y|4||204|181939|1614945160|9aef5775-55c8-4622-a4ba-66793312a49d|
#=#=#=# Syncrun finished 2021-03-05T11:53:13Z (last step: 244 msec, total: 690 msec)
#=#=#=# Syncrun started 2021-03-05T11:53:57Z
#=#=#=#=# Propagation starts 2021-03-05T11:53:58Z (last step: 487 msec, total: 487 msec)
#=#=#=# Syncrun finished 2021-03-05T11:53:58Z (last step: 26 msec, total: 514 msec)
#=#=#=# Syncrun started 2021-03-05T11:56:09Z
#=#=#=#=# Propagation starts 2021-03-05T11:56:09Z (last step: 277 msec, total: 277 msec)
11:56:09||bin/MEPTL/meptl.class|64|1|1614945367|dfd8b58e7d2854889e4b09e510896473|84361|00400341ocewbpcc848y|4||204|84361|1614945190|2d1da068-64e2-431f-af89-d6b39ac26f4c|
11:56:09||src/MEPTL/meptl.java|64|1|1614945367|6036896cddc2aed31ba48a038140e88b|181935|00400347ocewbpcc848y|4||204|181935|1614945190|1c17a754-0450-470e-8f75-a118e4a6bd14|
#=#=#=# Syncrun finished 2021-03-05T11:56:09Z (last step: 267 msec, total: 545 msec)
#=#=#=# Syncrun started 2021-03-05T11:56:57Z
#=#=#=#=# Propagation starts 2021-03-05T11:56:58Z (last step: 513 msec, total: 513 msec)
#=#=#=# Syncrun finished 2021-03-05T11:56:58Z (last step: 28 msec, total: 542 msec)
#=#=#=# Syncrun started 2021-03-05T11:57:51Z
#=#=#=#=# Propagation starts 2021-03-05T11:57:51Z (last step: 212 msec, total: 212 msec)
11:57:51||bin/MEPTL/meptl.class|64|1|1614945469|78604ab438cbe03865d318518ccc497f|84368|00400341ocewbpcc848y|4||204|84361|1614945367|75282ee3-27ab-4abe-b4f2-c90bfac9d005|
11:57:51||src/MEPTL/meptl.java|64|1|1614945469|c6208420cb450d5ce2f0db57d478eedd|181942|00400347ocewbpcc848y|4||204|181935|1614945367|c10eed39-7e94-40d5-95c9-22e63bb7c24a|
#=#=#=# Syncrun finished 2021-03-05T11:57:51Z (last step: 251 msec, total: 464 msec)
#=#=#=# Syncrun started 2021-03-05T11:58:17Z
#=#=#=#=# Propagation starts 2021-03-05T11:58:18Z (last step: 512 msec, total: 512 msec)
11:58:18||bin/MEPTL/HTML.class|64|1|1614945495|8870c9087c34d5574ff22c3f3a1b5426|153525|00400340ocewbpcc848y|4||204|153509|1614945024|a22de5b0-d341-4410-a6ce-5992e66d6fc9|
11:58:18||bin/MEPTL/meptl.class|64|1|1614945495|473efa22527113ce2d08703d3cd758ba|69809|00400341ocewbpcc848y|4||204|84368|1614945469|c89d2511-260c-44cb-8a6a-8eefc66ad99a|
11:58:18||src/MEPTL/HTML.java|64|1|1614945495|d585f7a359adaca9686036e70830c9b7|189871|00400346ocewbpcc848y|4||204|189855|1614945023|329e75fb-dfd1-4f0f-8cd1-dafef3ad0f04|
#=#=#=# Syncrun finished 2021-03-05T11:58:18Z (last step: 308 msec, total: 820 msec)
#=#=#=# Syncrun started 2021-03-05T11:58:30Z
#=#=#=#=# Propagation starts 2021-03-05T11:58:30Z (last step: 481 msec, total: 481 msec)
11:58:30||bin/MEPTL/meptl.class|64|1|1614945508|ec7b46bdd7166ffd12dbabace876d728|84376|00400341ocewbpcc848y|4||204|69809|1614945495|f9e1fd49-fd5e-4112-9f87-03652e5d4fca|
11:58:30||src/MEPTL/meptl.java|64|1|1614945508|356a5fdbb4afd609de27ffb8ab517139|181950|00400347ocewbpcc848y|4||204|181942|1614945469|6a34f603-bf4d-4fce-9d5d-59cecb174ab2|
#=#=#=# Syncrun finished 2021-03-05T11:58:31Z (last step: 236 msec, total: 717 msec)
#=#=#=# Syncrun started 2021-03-05T11:59:18Z
#=#=#=#=# Propagation starts 2021-03-05T11:59:19Z (last step: 520 msec, total: 520 msec)
11:59:19||bin/MEPTL/meptl.class|64|1|1614945557|699e6aa337405866ea79aa7b98162bac|84378|00400341ocewbpcc848y|4||204|84376|1614945508|c56cd783-c3dd-49ae-998f-f24c53a13ea3|
11:59:19||src/MEPTL/meptl.java|64|1|1614945556|0ada50483491a454a20c25b41ca27d8e|181952|00400347ocewbpcc848y|4||204|181950|1614945508|03ee5694-517b-4a79-9d41-11737775f021|
#=#=#=# Syncrun finished 2021-03-05T11:59:19Z (last step: 236 msec, total: 757 msec)
#=#=#=# Syncrun started 2021-03-05T11:59:57Z
#=#=#=#=# Propagation starts 2021-03-05T11:59:58Z (last step: 481 msec, total: 481 msec)
#=#=#=# Syncrun finished 2021-03-05T11:59:58Z (last step: 26 msec, total: 508 msec)
#=#=#=# Syncrun started 2021-03-05T12:00:45Z
#=#=#=#=# Propagation starts 2021-03-05T12:00:45Z (last step: 265 msec, total: 265 msec)
12:00:45||bin/MEPTL/HTML.class|64|1|1614945643|311b3858bf3bbd9c1ed3a06113fc08f5|153519|00400340ocewbpcc848y|4||204|153525|1614945495|01e532e9-e32e-4edc-8c5e-467696c99ca7|
12:00:45||src/MEPTL/HTML.java|64|1|1614945643|81dcd3c7e106c513ff62927b0b1346bd|189851|00400346ocewbpcc848y|4||204|189871|1614945495|26a6cf67-fc16-4327-871b-080e7e9a0334|
#=#=#=# Syncrun finished 2021-03-05T12:00:45Z (last step: 340 msec, total: 605 msec)
#=#=#=# Syncrun started 2021-03-05T12:01:27Z
#=#=#=#=# Propagation starts 2021-03-05T12:01:28Z (last step: 507 msec, total: 507 msec)
#=#=#=# Syncrun finished 2021-03-05T12:01:28Z (last step: 30 msec, total: 537 msec)
#=#=#=# Syncrun started 2021-03-05T12:04:16Z
#=#=#=#=# Propagation starts 2021-03-05T12:04:17Z (last step: 237 msec, total: 237 msec)
12:04:16||bin/MEPTL/HTML.class|64|1|1614945855|40e185592e69d60588efee2dc47e5e41|153525|00400340ocewbpcc848y|4||204|153519|1614945643|d7de1142-c677-4c8e-a3f9-a745447c3012|
12:04:16||src/MEPTL/HTML.java|64|1|1614945854|aec7bb319b1be89cdcae7c804aecf458|189801|00400346ocewbpcc848y|4||204|189851|1614945643|38794c65-75aa-4615-bc6c-d59c1c08f4a8|
#=#=#=# Syncrun finished 2021-03-05T12:04:17Z (last step: 273 msec, total: 510 msec)
#=#=#=# Syncrun started 2021-03-05T12:04:30Z
#=#=#=#=# Propagation starts 2021-03-05T12:04:30Z (last step: 466 msec, total: 466 msec)
12:04:30||bin/MEPTL/HTML.class|64|1|1614945868|224720c702ab8a282837352bcbb30ac3|153641|00400340ocewbpcc848y|4||204|153525|1614945855|23a93213-e6ec-48bf-9b84-e79f9fb87acb|
12:04:30||src/MEPTL/HTML.java|64|1|1614945868|1187aab3c75ac3b0384e182c281c0018|189801|00400346ocewbpcc848y|4||204|189801|1614945854|6a63adbf-c709-4f05-a510-380bde8a42b7|
#=#=#=# Syncrun finished 2021-03-05T12:04:30Z (last step: 233 msec, total: 700 msec)
#=#=#=# Syncrun started 2021-03-05T12:04:38Z
#=#=#=#=# Propagation starts 2021-03-05T12:04:39Z (last step: 461 msec, total: 461 msec)
12:04:39||bin/MEPTL/meptl.class|64|1|1614945876|f4468020ac5dc301391eef0ff8a99b00|84474|00400341ocewbpcc848y|4||204|84378|1614945557|f2e121e2-8ce4-4f14-9e86-fac6874848af|
12:04:39||src/MEPTL/meptl.java|64|1|1614945876|989d2755ad3b07e7a0723a06d6e7b5ef|182058|00400347ocewbpcc848y|4||204|181952|1614945556|ac9d73c9-ef52-4780-9c2d-b6503a8a21bd|
#=#=#=# Syncrun finished 2021-03-05T12:04:39Z (last step: 265 msec, total: 726 msec)
#=#=#=# Syncrun started 2021-03-05T12:05:27Z
#=#=#=#=# Propagation starts 2021-03-05T12:05:28Z (last step: 484 msec, total: 484 msec)
#=#=#=# Syncrun finished 2021-03-05T12:05:28Z (last step: 34 msec, total: 518 msec)
#=#=#=# Syncrun started 2021-03-05T12:06:06Z
#=#=#=#=# Propagation starts 2021-03-05T12:06:06Z (last step: 275 msec, total: 275 msec)
12:06:06||bin/MEPTL/meptl.class|64|1|1614945964|75418051459c8344b299765476658ccb|84486|00400341ocewbpcc848y|4||204|84474|1614945876|90f8b847-bc3d-4036-999e-bf5a995cb1d8|
12:06:06||src/MEPTL/meptl.java|64|1|1614945964|fb55bf60146ef5f376bae0f82e45e24b|182114|00400347ocewbpcc848y|4||204|182058|1614945876|ff3ca241-6441-4282-b425-ceedae8831b1|
#=#=#=# Syncrun finished 2021-03-05T12:06:06Z (last step: 266 msec, total: 541 msec)
#=#=#=# Syncrun started 2021-03-05T12:06:57Z
#=#=#=#=# Propagation starts 2021-03-05T12:06:58Z (last step: 483 msec, total: 483 msec)
#=#=#=# Syncrun finished 2021-03-05T12:06:58Z (last step: 31 msec, total: 515 msec)
#=#=#=# Syncrun started 2021-03-05T12:07:12Z
#=#=#=#=# Propagation starts 2021-03-05T12:07:13Z (last step: 261 msec, total: 261 msec)
12:07:13||bin/MEPTL/meptl.class|64|1|1614946031|af384c2ae28942a4c99c69bf81dfb6f4|84486|00400341ocewbpcc848y|4||204|84486|1614945964|b7b1925f-ce95-45c9-bb02-98bf0b26b174|
12:07:13||src/MEPTL/meptl.java|64|1|1614946030|b5cf5fc959c8506691fde8c0f76494b4|182138|00400347ocewbpcc848y|4||204|182114|1614945964|afab7083-9659-4e68-82c9-f21756d76175|
#=#=#=# Syncrun finished 2021-03-05T12:07:13Z (last step: 239 msec, total: 501 msec)
#=#=#=# Syncrun started 2021-03-05T12:07:57Z
#=#=#=#=# Propagation starts 2021-03-05T12:07:58Z (last step: 516 msec, total: 516 msec)
#=#=#=# Syncrun finished 2021-03-05T12:07:58Z (last step: 35 msec, total: 552 msec)
#=#=#=# Syncrun started 2021-03-05T12:09:01Z
#=#=#=#=# Propagation starts 2021-03-05T12:09:02Z (last step: 233 msec, total: 233 msec)
12:09:01||bin/MEPTL/meptl.class|64|1|1614946140|f412882c8bb515ad36615cd7d937cde4|84520|00400341ocewbpcc848y|4||204|84486|1614946031|74905a84-1489-42f8-8274-cd0a1d64dcbf|
12:09:01||src/MEPTL/meptl.java|64|1|1614946139|a2b60cfdac27048dfb40cbb666b88e5c|182167|00400347ocewbpcc848y|4||204|182138|1614946030|3405cd04-5f97-45de-ad33-2b7c951fdd81|
#=#=#=# Syncrun finished 2021-03-05T12:09:02Z (last step: 269 msec, total: 502 msec)
#=#=#=# Syncrun started 2021-03-05T12:09:57Z
#=#=#=#=# Propagation starts 2021-03-05T12:09:58Z (last step: 455 msec, total: 455 msec)
#=#=#=# Syncrun finished 2021-03-05T12:09:58Z (last step: 27 msec, total: 482 msec)
#=#=#=# Syncrun started 2021-03-05T12:11:57Z
#=#=#=#=# Propagation starts 2021-03-05T12:11:57Z (last step: 307 msec, total: 307 msec)
12:11:57||bin/MEPTL/meptl.class|64|1|1614946315|aab3bcf0da5e72ec4fd05c32e7c1682c|84520|00400341ocewbpcc848y|4||204|84520|1614946140|3f620c11-b5ab-46f3-91a9-6c7488bc9f9c|
12:11:57||src/MEPTL/meptl.java|64|1|1614946315|dc8b2f99dbdbe5b4c680d1b307c6195d|182167|00400347ocewbpcc848y|4||204|182167|1614946139|6e1e13d2-feb5-41ca-8282-ae7b24d99e3e|
#=#=#=# Syncrun finished 2021-03-05T12:11:57Z (last step: 247 msec, total: 555 msec)
#=#=#=# Syncrun started 2021-03-05T12:12:57Z
#=#=#=#=# Propagation starts 2021-03-05T12:12:58Z (last step: 535 msec, total: 535 msec)
#=#=#=# Syncrun finished 2021-03-05T12:12:58Z (last step: 38 msec, total: 574 msec)
